LOG 2021/11/29
Save Path: D:\workspace\M3u8Downloader\M3u8Downloader\M3u8Downloader\bin\Debug\net6.0\Logs
Task Start: 2021/11/29 13:49:34
Task CommandLine: D:\workspace\M3u8Downloader\M3u8Downloader\M3u8Downloader\bin\Debug\net6.0\M3u8Downloader.dll https://www.gvpass.com/1638165048/45b7f023fdab4267af8a4189f414d9bf/data/bae035f7a72bf7d1a64df1cea50cc2cc/450/index.m3u8 哥哥 D:\

13:49:34.175 / (NORMAL) 开始解析 https://www.gvpass.com/1638165048/45b7f023fdab4267af8a4189f414d9bf/data/bae035f7a72bf7d1a64df1cea50cc2cc/450/index.m3u8
13:49:39.200 / (NORMAL) 获取m3u8 key... key.key
13:49:39.707 / (NORMAL) 写出meta.json
13:49:41.982 / (NORMAL) 开始下载文件
13:49:42.300 / (NORMAL) 读取文件信息...
13:49:42.393 / (NORMAL) PID 0x100: Video h264 (High), yuv420p(progressive), 856x480 [SAR 1280:1281 DAR 6848:3843], 25 fps, 25 tbr, 90k tbn
13:49:42.394 / (NORMAL) PID 0x101: Audio aac (LC), 44100 Hz, stereo, fltp, 131 kb/s
13:49:52.642 / (ERROR) DOWN: The operation has timed out. https://data.zhujitg.com/4897a5c2f7611b9a1b743e15c780de22/61a469f1/data/bae035f7a72bf7d1a64df1cea50cc2cc/450/index161.js
13:49:52.642 / (ERROR) DOWN: The operation has timed out. https://data.zhujitg.com/3f8c8c45ccff47f671ab76ae262781ce/61a469f1/data/bae035f7a72bf7d1a64df1cea50cc2cc/450/index65.js
13:49:53.657 / (ERROR) DOWN: AUTO RETRY 1/3 https://data.zhujitg.com/3f8c8c45ccff47f671ab76ae262781ce/61a469f1/data/bae035f7a72bf7d1a64df1cea50cc2cc/450/index65.js
13:49:53.658 / (ERROR) DOWN: AUTO RETRY 1/3 https://data.zhujitg.com/4897a5c2f7611b9a1b743e15c780de22/61a469f1/data/bae035f7a72bf7d1a64df1cea50cc2cc/450/index161.js
13:49:54.969 / (ERROR) DOWN: The operation has timed out. https://data.zhujitg.com/09833ab7c46cde42b96ae6c9e99e769e/61a469f1/data/bae035f7a72bf7d1a64df1cea50cc2cc/450/index36.js
13:49:55.983 / (ERROR) DOWN: AUTO RETRY 1/3 https://data.zhujitg.com/09833ab7c46cde42b96ae6c9e99e769e/61a469f1/data/bae035f7a72bf7d1a64df1cea50cc2cc/450/index36.js
13:50:01.195 / (ERROR) DOWN: The operation has timed out. https://data.zhujitg.com/ac55ad95e671ac06644704d3fe333f13/61a469f1/data/bae035f7a72bf7d1a64df1cea50cc2cc/450/index228.js
13:50:02.199 / (ERROR) DOWN: AUTO RETRY 1/3 https://data.zhujitg.com/ac55ad95e671ac06644704d3fe333f13/61a469f1/data/bae035f7a72bf7d1a64df1cea50cc2cc/450/index228.js
13:50:03.424 / (ERROR) DOWN: The operation has timed out. https://data.zhujitg.com/439a1b5ba139f596459df1e663d6fb6c/61a469f1/data/bae035f7a72bf7d1a64df1cea50cc2cc/450/index201.js
13:50:03.424 / (ERROR) DOWN: The operation has timed out. https://data.zhujitg.com/5c9553dfecb728342f5a3354186fe0fb/61a469f1/data/bae035f7a72bf7d1a64df1cea50cc2cc/450/index105.js
13:50:04.160 / (ERROR) DOWN: The operation has timed out. https://data.zhujitg.com/4897a5c2f7611b9a1b743e15c780de22/61a469f1/data/bae035f7a72bf7d1a64df1cea50cc2cc/450/index161.js
13:50:04.434 / (ERROR) DOWN: AUTO RETRY 1/3 https://data.zhujitg.com/439a1b5ba139f596459df1e663d6fb6c/61a469f1/data/bae035f7a72bf7d1a64df1cea50cc2cc/450/index201.js
13:50:04.435 / (ERROR) DOWN: AUTO RETRY 1/3 https://data.zhujitg.com/5c9553dfecb728342f5a3354186fe0fb/61a469f1/data/bae035f7a72bf7d1a64df1cea50cc2cc/450/index105.js
13:50:05.000 / (ERROR) DOWN: The operation has timed out. https://data.zhujitg.com/262e4bf52ae64059270d65d4e4efcf27/61a469f1/data/bae035f7a72bf7d1a64df1cea50cc2cc/450/index66.js
13:50:05.164 / (ERROR) DOWN: AUTO RETRY 2/3 https://data.zhujitg.com/4897a5c2f7611b9a1b743e15c780de22/61a469f1/data/bae035f7a72bf7d1a64df1cea50cc2cc/450/index161.js
13:50:06.015 / (ERROR) DOWN: AUTO RETRY 1/3 https://data.zhujitg.com/262e4bf52ae64059270d65d4e4efcf27/61a469f1/data/bae035f7a72bf7d1a64df1cea50cc2cc/450/index66.js
13:50:07.527 / (ERROR) DOWN: The operation has timed out. https://data.zhujitg.com/2c5d2f0068f1e099bdc93795c05953fa/61a469f1/data/bae035f7a72bf7d1a64df1cea50cc2cc/450/index9.js
13:50:08.530 / (ERROR) DOWN: AUTO RETRY 1/3 https://data.zhujitg.com/2c5d2f0068f1e099bdc93795c05953fa/61a469f1/data/bae035f7a72bf7d1a64df1cea50cc2cc/450/index9.js
13:50:14.642 / (ERROR) DOWN: The operation has timed out. https://data.zhujitg.com/194b4df7e3c7dfb9741667f6f28901a4/61a469f1/data/bae035f7a72bf7d1a64df1cea50cc2cc/450/index38.js
13:50:14.667 / (ERROR) DOWN: The operation has timed out. https://data.zhujitg.com/a0188922312b055b89c7588a7ae5bd64/61a469f1/data/bae035f7a72bf7d1a64df1cea50cc2cc/450/index231.js
13:50:15.656 / (ERROR) DOWN: AUTO RETRY 1/3 https://data.zhujitg.com/194b4df7e3c7dfb9741667f6f28901a4/61a469f1/data/bae035f7a72bf7d1a64df1cea50cc2cc/450/index38.js
13:50:15.672 / (ERROR) DOWN: AUTO RETRY 1/3 https://data.zhujitg.com/a0188922312b055b89c7588a7ae5bd64/61a469f1/data/bae035f7a72bf7d1a64df1cea50cc2cc/450/index231.js
13:50:20.185 / (ERROR) DOWN: The operation has timed out. https://data.zhujitg.com/31bcd772eddadb33cffa74a8c5f0829e/61a469f1/data/bae035f7a72bf7d1a64df1cea50cc2cc/450/index164.js
13:50:20.767 / (ERROR) DOWN: The operation has timed out. https://data.zhujitg.com/c3eac09da6f9a0ee6336f25488e571c5/61a469f1/data/bae035f7a72bf7d1a64df1cea50cc2cc/450/index18.js
13:50:21.188 / (ERROR) DOWN: AUTO RETRY 1/3 https://data.zhujitg.com/31bcd772eddadb33cffa74a8c5f0829e/61a469f1/data/bae035f7a72bf7d1a64df1cea50cc2cc/450/index164.js
13:50:21.764 / (ERROR) DOWN: The operation has timed out. https://data.zhujitg.com/740a17a5c5230b272d3009b6829d6eb8/61a469f1/data/bae035f7a72bf7d1a64df1cea50cc2cc/450/index106.js
13:50:21.769 / (ERROR) DOWN: AUTO RETRY 1/3 https://data.zhujitg.com/c3eac09da6f9a0ee6336f25488e571c5/61a469f1/data/bae035f7a72bf7d1a64df1cea50cc2cc/450/index18.js
13:50:22.772 / (ERROR) DOWN: AUTO RETRY 1/3 https://data.zhujitg.com/740a17a5c5230b272d3009b6829d6eb8/61a469f1/data/bae035f7a72bf7d1a64df1cea50cc2cc/450/index106.js
13:50:28.138 / (ERROR) DOWN: The operation has timed out. https://data.zhujitg.com/5f1b0a49e73c2d025676a467ee30cea0/61a469f1/data/bae035f7a72bf7d1a64df1cea50cc2cc/450/index73.js
13:50:29.154 / (ERROR) DOWN: AUTO RETRY 1/3 https://data.zhujitg.com/5f1b0a49e73c2d025676a467ee30cea0/61a469f1/data/bae035f7a72bf7d1a64df1cea50cc2cc/450/index73.js
13:50:39.683 / (ERROR) DOWN: The operation has timed out. https://data.zhujitg.com/79bb5c9a00131657174fbb5467bd44ac/61a469f1/data/bae035f7a72bf7d1a64df1cea50cc2cc/450/index207.js
13:50:40.695 / (ERROR) DOWN: AUTO RETRY 1/3 https://data.zhujitg.com/79bb5c9a00131657174fbb5467bd44ac/61a469f1/data/bae035f7a72bf7d1a64df1cea50cc2cc/450/index207.js
13:50:43.683 / (ERROR) DOWN: The operation has timed out. https://data.zhujitg.com/ec7cc43fe4a765b67d20057e835a20d9/61a469f1/data/bae035f7a72bf7d1a64df1cea50cc2cc/450/index51.js
13:50:43.704 / (ERROR) DOWN: The operation has timed out. https://data.zhujitg.com/3307a628881f96ad1db23359b5bbed00/61a469f1/data/bae035f7a72bf7d1a64df1cea50cc2cc/450/index176.js
13:50:44.691 / (ERROR) DOWN: AUTO RETRY 1/3 https://data.zhujitg.com/ec7cc43fe4a765b67d20057e835a20d9/61a469f1/data/bae035f7a72bf7d1a64df1cea50cc2cc/450/index51.js
13:50:44.723 / (ERROR) DOWN: AUTO RETRY 1/3 https://data.zhujitg.com/3307a628881f96ad1db23359b5bbed00/61a469f1/data/bae035f7a72bf7d1a64df1cea50cc2cc/450/index176.js
13:50:50.798 / (ERROR) DOWN: The operation has timed out. https://data.zhujitg.com/220a5dd8ae9fdc1a0572c0e669e3ac2c/61a469f1/data/bae035f7a72bf7d1a64df1cea50cc2cc/450/index121.js
13:50:51.821 / (ERROR) DOWN: AUTO RETRY 1/3 https://data.zhujitg.com/220a5dd8ae9fdc1a0572c0e669e3ac2c/61a469f1/data/bae035f7a72bf7d1a64df1cea50cc2cc/450/index121.js
13:50:55.578 / (NORMAL) 开始合并分片...
13:50:57.183 / (NORMAL) 结果输出至 [ffreport.log]
13:50:57.184 / (NORMAL) 任务结束

Task End: 2021/11/29 13:50:57
File: D:\index_20211129134934.mp4


