LOG 2021/11/29
Save Path: D:\workspace\YtDownloader\YtDownloader\YtDownloader\bin\Debug\Logs
Task Start: 2021/11/29 15:10:22
Task CommandLine: D:\workspace\YtDownloader\YtDownloader\YtDownloader\bin\Debug\M3u8Downloader.dll https://www.gvpass.com/1638170119/396d7f7182f36d3327fca91365223f03/data/bae035f7a72bf7d1a64df1cea50cc2cc/450/index.m3u8 波比哥哥3P合作無間雙龍肉便犬

15:10:22.094 / (NORMAL) 开始解析 https://www.gvpass.com/1638170119/396d7f7182f36d3327fca91365223f03/data/bae035f7a72bf7d1a64df1cea50cc2cc/450/index.m3u8
15:10:24.203 / (NORMAL) 获取m3u8 key... key.key
15:10:24.790 / (NORMAL) 写出meta.json
15:10:24.917 / (NORMAL) 开始下载文件
15:10:25.414 / (NORMAL) 读取文件信息...
15:10:25.515 / (NORMAL) PID 0x100: Video h264 (High), yuv420p(progressive), 856x480 [SAR 1280:1281 DAR 6848:3843], 25 fps, 25 tbr, 90k tbn
15:10:25.517 / (NORMAL) PID 0x101: Audio aac (LC), 44100 Hz, stereo, fltp, 131 kb/s
15:10:36.154 / (ERROR) DOWN: The operation has timed out. https://data.zhujitg.com/950f9a418838481952d20d727cc14557/61a47cde/data/bae035f7a72bf7d1a64df1cea50cc2cc/450/index1.js
15:10:37.160 / (ERROR) DOWN: AUTO RETRY 1/3 https://data.zhujitg.com/950f9a418838481952d20d727cc14557/61a47cde/data/bae035f7a72bf7d1a64df1cea50cc2cc/450/index1.js
15:10:39.890 / (ERROR) DOWN: The operation has timed out. https://data.zhujitg.com/b845aebe2dc80ab2c939d2b45bc5c1c9/61a47cde/data/bae035f7a72bf7d1a64df1cea50cc2cc/450/index227.js
15:10:40.899 / (ERROR) DOWN: AUTO RETRY 1/3 https://data.zhujitg.com/b845aebe2dc80ab2c939d2b45bc5c1c9/61a47cde/data/bae035f7a72bf7d1a64df1cea50cc2cc/450/index227.js
15:10:43.788 / (ERROR) DOWN: The operation has timed out. https://data.zhujitg.com/88d71f5de5c46776343aa81ab8b50c4e/61a47cde/data/bae035f7a72bf7d1a64df1cea50cc2cc/450/index39.js
15:10:44.739 / (ERROR) DOWN: The operation has timed out. https://data.zhujitg.com/4133d7ef7c50f3de45d9f2417a15402b/61a47cde/data/bae035f7a72bf7d1a64df1cea50cc2cc/450/index139.js
15:10:44.797 / (ERROR) DOWN: AUTO RETRY 1/3 https://data.zhujitg.com/88d71f5de5c46776343aa81ab8b50c4e/61a47cde/data/bae035f7a72bf7d1a64df1cea50cc2cc/450/index39.js
15:10:45.742 / (ERROR) DOWN: AUTO RETRY 1/3 https://data.zhujitg.com/4133d7ef7c50f3de45d9f2417a15402b/61a47cde/data/bae035f7a72bf7d1a64df1cea50cc2cc/450/index139.js
15:10:46.841 / (ERROR) DOWN: The operation has timed out. https://data.zhujitg.com/13ceb94f56322a7f773383ad493046f8/61a47cde/data/bae035f7a72bf7d1a64df1cea50cc2cc/450/index108.js
15:10:47.853 / (ERROR) DOWN: AUTO RETRY 1/3 https://data.zhujitg.com/13ceb94f56322a7f773383ad493046f8/61a47cde/data/bae035f7a72bf7d1a64df1cea50cc2cc/450/index108.js
15:10:53.835 / (ERROR) DOWN: The operation has timed out. https://data.zhujitg.com/4d4ad762daa9f3106eb185418b4d3beb/61a47cde/data/bae035f7a72bf7d1a64df1cea50cc2cc/450/index83.js
15:10:54.842 / (ERROR) DOWN: AUTO RETRY 1/3 https://data.zhujitg.com/4d4ad762daa9f3106eb185418b4d3beb/61a47cde/data/bae035f7a72bf7d1a64df1cea50cc2cc/450/index83.js
15:10:57.358 / (ERROR) DOWN: The operation has timed out. https://data.zhujitg.com/4a75b19393cd1a7af2a50324807df49e/61a47cde/data/bae035f7a72bf7d1a64df1cea50cc2cc/450/index141.js
15:10:57.865 / (ERROR) DOWN: The operation has timed out. https://data.zhujitg.com/13ceb94f56322a7f773383ad493046f8/61a47cde/data/bae035f7a72bf7d1a64df1cea50cc2cc/450/index108.js
15:10:57.993 / (ERROR) DOWN: The operation has timed out. https://data.zhujitg.com/714727e4fa499bb2878fb5aa5e182863/61a47cde/data/bae035f7a72bf7d1a64df1cea50cc2cc/450/index8.js
15:10:58.371 / (ERROR) DOWN: AUTO RETRY 1/3 https://data.zhujitg.com/4a75b19393cd1a7af2a50324807df49e/61a47cde/data/bae035f7a72bf7d1a64df1cea50cc2cc/450/index141.js
15:10:58.878 / (ERROR) DOWN: AUTO RETRY 2/3 https://data.zhujitg.com/13ceb94f56322a7f773383ad493046f8/61a47cde/data/bae035f7a72bf7d1a64df1cea50cc2cc/450/index108.js
15:10:59.003 / (ERROR) DOWN: AUTO RETRY 1/3 https://data.zhujitg.com/714727e4fa499bb2878fb5aa5e182863/61a47cde/data/bae035f7a72bf7d1a64df1cea50cc2cc/450/index8.js
15:11:02.836 / (ERROR) DOWN: The operation has timed out. https://data.zhujitg.com/97f994ce62d8b6a48bedd6395d9ef896/61a47cde/data/bae035f7a72bf7d1a64df1cea50cc2cc/450/index46.js
15:11:03.850 / (ERROR) DOWN: AUTO RETRY 1/3 https://data.zhujitg.com/97f994ce62d8b6a48bedd6395d9ef896/61a47cde/data/bae035f7a72bf7d1a64df1cea50cc2cc/450/index46.js
15:11:04.813 / (ERROR) DOWN: The operation has timed out. https://data.zhujitg.com/4d394ca5190cc9aa5aec87f9d9605120/61a47cde/data/bae035f7a72bf7d1a64df1cea50cc2cc/450/index222.js
15:11:04.846 / (ERROR) DOWN: The operation has timed out. https://data.zhujitg.com/4d4ad762daa9f3106eb185418b4d3beb/61a47cde/data/bae035f7a72bf7d1a64df1cea50cc2cc/450/index83.js
15:11:05.828 / (ERROR) DOWN: AUTO RETRY 1/3 https://data.zhujitg.com/4d394ca5190cc9aa5aec87f9d9605120/61a47cde/data/bae035f7a72bf7d1a64df1cea50cc2cc/450/index222.js
15:11:05.860 / (ERROR) DOWN: AUTO RETRY 2/3 https://data.zhujitg.com/4d4ad762daa9f3106eb185418b4d3beb/61a47cde/data/bae035f7a72bf7d1a64df1cea50cc2cc/450/index83.js
15:11:07.826 / (ERROR) DOWN: The operation has timed out. https://data.zhujitg.com/ce34d41aa86f8808b3887b483e7d33fd/61a47cde/data/bae035f7a72bf7d1a64df1cea50cc2cc/450/index244.js
15:11:08.833 / (ERROR) DOWN: AUTO RETRY 1/3 https://data.zhujitg.com/ce34d41aa86f8808b3887b483e7d33fd/61a47cde/data/bae035f7a72bf7d1a64df1cea50cc2cc/450/index244.js
15:11:09.025 / (ERROR) DOWN: The operation has timed out. https://data.zhujitg.com/714727e4fa499bb2878fb5aa5e182863/61a47cde/data/bae035f7a72bf7d1a64df1cea50cc2cc/450/index8.js
15:11:10.038 / (ERROR) DOWN: AUTO RETRY 2/3 https://data.zhujitg.com/714727e4fa499bb2878fb5aa5e182863/61a47cde/data/bae035f7a72bf7d1a64df1cea50cc2cc/450/index8.js
15:11:10.897 / (ERROR) DOWN: The operation has timed out. https://data.zhujitg.com/f3f92e518441dc37f0d720139d78176c/61a47cde/data/bae035f7a72bf7d1a64df1cea50cc2cc/450/index257.js
15:11:11.620 / (ERROR) The process cannot access the file 'D:\workspace\YtDownloader\YtDownloader\YtDownloader\bin\Debug\Downloads\波比哥哥3P合作無間雙龍肉便犬\Part_0\244.tsdownloading' because it is being used by another process.
15:11:11.635 / (ERROR) The process cannot access the file 'D:\workspace\YtDownloader\YtDownloader\YtDownloader\bin\Debug\Downloads\波比哥哥3P合作無間雙龍肉便犬\Part_0\149.tsdownloading' because it is being used by another process.
15:11:11.635 / (ERROR) The process cannot access the file 'D:\workspace\YtDownloader\YtDownloader\YtDownloader\bin\Debug\Downloads\波比哥哥3P合作無間雙龍肉便犬\Part_0\083.tsdownloading' because it is being used by another process.
15:11:11.647 / (ERROR) The process cannot access the file 'D:\workspace\YtDownloader\YtDownloader\YtDownloader\bin\Debug\Downloads\波比哥哥3P合作無間雙龍肉便犬\Part_0\112.tsdownloading' because it is being used by another process.
15:11:11.651 / (ERROR) The process cannot access the file 'D:\workspace\YtDownloader\YtDownloader\YtDownloader\bin\Debug\Downloads\波比哥哥3P合作無間雙龍肉便犬\Part_0\046.tsdownloading' because it is being used by another process.
15:11:11.716 / (ERROR) The process cannot access the file 'D:\workspace\YtDownloader\YtDownloader\YtDownloader\bin\Debug\Downloads\波比哥哥3P合作無間雙龍肉便犬\Part_0\222.tsdownloading' because it is being used by another process.
15:11:11.772 / (ERROR) The process cannot access the file 'D:\workspace\YtDownloader\YtDownloader\YtDownloader\bin\Debug\Downloads\波比哥哥3P合作無間雙龍肉便犬\Part_0\008.tsdownloading' because it is being used by another process.
15:11:11.913 / (ERROR) DOWN: AUTO RETRY 1/3 https://data.zhujitg.com/f3f92e518441dc37f0d720139d78176c/61a47cde/data/bae035f7a72bf7d1a64df1cea50cc2cc/450/index257.js
15:11:11.915 / (ERROR) DOWN: The process cannot access the file 'D:\workspace\YtDownloader\YtDownloader\YtDownloader\bin\Debug\Downloads\波比哥哥3P合作無間雙龍肉便犬\Part_0\257.tsdownloading' because it is being used by another process. https://data.zhujitg.com/f3f92e518441dc37f0d720139d78176c/61a47cde/data/bae035f7a72bf7d1a64df1cea50cc2cc/450/index257.js
15:11:12.954 / (ERROR) DOWN: AUTO RETRY 2/3 https://data.zhujitg.com/f3f92e518441dc37f0d720139d78176c/61a47cde/data/bae035f7a72bf7d1a64df1cea50cc2cc/450/index257.js
